[INFO] Scanning for projects...
[INFO] 
[INFO] -------------< com.thekindlestudio:kindle-studio-backend >--------------
[INFO] Building kindle-studio-backend 0.0.1-SNAPSHOT
[INFO]   from pom.xml
[INFO] --------------------------------[ jar ]---------------------------------
[INFO] 
[INFO] >>> spring-boot:3.3.4:run (default-cli) > test-compile @ kindle-studio-backend >>>
[INFO] 
[INFO] --- resources:3.3.1:resources (default-resources) @ kindle-studio-backend ---
[INFO] Copying 4 resources from src/main/resources to target/classes
[INFO] Copying 2 resources from src/main/resources to target/classes
[INFO] 
[INFO] --- compiler:3.13.0:compile (default-compile) @ kindle-studio-backend ---
[INFO] Recompiling the module because of changed source code.
[INFO] Compiling 32 source files with javac [debug parameters release 21] to target/classes
[INFO] 
[INFO] --- resources:3.3.1:testResources (default-testResources) @ kindle-studio-backend ---
[INFO] skip non existing resourceDirectory /Users/kirtimayaswain/Downloads/TheKindleStudio/backend/src/test/resources
[INFO] 
[INFO] --- compiler:3.13.0:testCompile (default-testCompile) @ kindle-studio-backend ---
[INFO] No sources to compile
[INFO] 
[INFO] <<< spring-boot:3.3.4:run (default-cli) < test-compile @ kindle-studio-backend <<<
[INFO] 
[INFO] 
[INFO] --- spring-boot:3.3.4:run (default-cli) @ kindle-studio-backend ---
[INFO] Attaching agents: []

  .   ____          _            __ _ _
 /\\ / ___'_ __ _ _(_)_ __  __ _ \ \ \ \
( ( )\___ | '_ | '_| | '_ \/ _` | \ \ \ \
 \\/  ___)| |_)| | | | | || (_| |  ) ) ) )
  '  |____| .__|_| |_|_| |_\__, | / / / /
 =========|_|==============|___/=/_/_/_/

 :: Spring Boot ::                (v3.3.4)

2026-03-13T12:18:21.171+05:30  INFO 21689 --- [kindle-studio-backend] [  restartedMain] c.t.KindleStudioApplication              : Starting KindleStudioApplication using Java 21.0.5 with PID 21689 (/Users/kirtimayaswain/Downloads/TheKindleStudio/backend/target/classes started by kirtimayaswain in /Users/kirtimayaswain/Downloads/TheKindleStudio/backend)
2026-03-13T12:18:21.172+05:30  INFO 21689 --- [kindle-studio-backend] [  restartedMain] c.t.KindleStudioApplication              : The following 1 profile is active: "dev"
2026-03-13T12:18:21.191+05:30  INFO 21689 --- [kindle-studio-backend] [  restartedMain] .e.DevToolsPropertyDefaultsPostProcessor : Devtools property defaults active! Set 'spring.devtools.add-properties' to 'false' to disable
2026-03-13T12:18:21.191+05:30  INFO 21689 --- [kindle-studio-backend] [  restartedMain] .e.DevToolsPropertyDefaultsPostProcessor : For additional web related logging consider setting the 'logging.level.web' property to 'DEBUG'
2026-03-13T12:18:21.487+05:30  INFO 21689 --- [kindle-studio-backend] [  restartedMain] .s.d.r.c.RepositoryConfigurationDelegate : Bootstrapping Spring Data JPA repositories in DEFAULT mode.
2026-03-13T12:18:21.512+05:30  INFO 21689 --- [kindle-studio-backend] [  restartedMain] .s.d.r.c.RepositoryConfigurationDelegate : Finished Spring Data repository scanning in 21 ms. Found 5 JPA repository interfaces.
2026-03-13T12:18:21.762+05:30  INFO 21689 --- [kindle-studio-backend] [  restartedMain] o.s.b.w.embedded.tomcat.TomcatWebServer  : Tomcat initialized with port 8080 (http)
2026-03-13T12:18:21.768+05:30  INFO 21689 --- [kindle-studio-backend] [  restartedMain] o.apache.catalina.core.StandardService   : Starting service [Tomcat]
2026-03-13T12:18:21.769+05:30  INFO 21689 --- [kindle-studio-backend] [  restartedMain] o.apache.catalina.core.StandardEngine    : Starting Servlet engine: [Apache Tomcat/10.1.30]
2026-03-13T12:18:21.784+05:30  INFO 21689 --- [kindle-studio-backend] [  restartedMain] o.a.c.c.C.[Tomcat].[localhost].[/]       : Initializing Spring embedded WebApplicationContext
2026-03-13T12:18:21.784+05:30  INFO 21689 --- [kindle-studio-backend] [  restartedMain] w.s.c.ServletWebServerApplicationContext : Root WebApplicationContext: initialization completed in 593 ms
2026-03-13T12:18:21.856+05:30  INFO 21689 --- [kindle-studio-backend] [  restartedMain] o.hibernate.jpa.internal.util.LogHelper  : HHH000204: Processing PersistenceUnitInfo [name: default]
2026-03-13T12:18:21.885+05:30  INFO 21689 --- [kindle-studio-backend] [  restartedMain] org.hibernate.Version                    : HHH000412: Hibernate ORM core version 6.5.3.Final
2026-03-13T12:18:21.900+05:30  INFO 21689 --- [kindle-studio-backend] [  restartedMain] o.h.c.internal.RegionFactoryInitiator    : HHH000026: Second-level cache disabled
2026-03-13T12:18:22.069+05:30  INFO 21689 --- [kindle-studio-backend] [  restartedMain] o.s.o.j.p.SpringPersistenceUnitInfo      : No LoadTimeWeaver setup: ignoring JPA class transformer
2026-03-13T12:18:22.080+05:30  WARN 21689 --- [kindle-studio-backend] [  restartedMain] org.hibernate.orm.deprecation            : HHH90000021: Encountered deprecated setting [hibernate.temp.use_jdbc_metadata_defaults], use [hibernate.boot.allow_jdbc_metadata_access] instead
2026-03-13T12:18:22.093+05:30  WARN 21689 --- [kindle-studio-backend] [  restartedMain] org.hibernate.orm.deprecation            : HHH90000025: PostgreSQLDialect does not need to be specified explicitly using 'hibernate.dialect' (remove the property setting and it will be selected by default)
2026-03-13T12:18:22.567+05:30  INFO 21689 --- [kindle-studio-backend] [  restartedMain] o.h.e.t.j.p.i.JtaPlatformInitiator       : HHH000489: No JTA platform available (set 'hibernate.transaction.jta.platform' to enable JTA platform integration)
2026-03-13T12:18:22.578+05:30  INFO 21689 --- [kindle-studio-backend] [  restartedMain] com.zaxxer.hikari.HikariDataSource       : HikariPool-1 - Starting...
2026-03-13T12:18:22.734+05:30  INFO 21689 --- [kindle-studio-backend] [  restartedMain] com.zaxxer.hikari.pool.HikariPool        : HikariPool-1 - Added connection org.postgresql.jdbc.PgConnection@173607a3
2026-03-13T12:18:22.735+05:30  INFO 21689 --- [kindle-studio-backend] [  restartedMain] com.zaxxer.hikari.HikariDataSource       : HikariPool-1 - Start completed.
2026-03-13T12:18:22.773+05:30  INFO 21689 --- [kindle-studio-backend] [  restartedMain] j.LocalContainerEntityManagerFactoryBean : Initialized JPA EntityManagerFactory for persistence unit 'default'
2026-03-13T12:18:22.961+05:30  WARN 21689 --- [kindle-studio-backend] [  restartedMain] .s.s.UserDetailsServiceAutoConfiguration : 

Using generated security password: 38f02750-b1f1-482d-886c-b71d3118e016

This generated password is for development use only. Your security configuration must be updated before running your application in production.

2026-03-13T12:18:22.964+05:30  INFO 21689 --- [kindle-studio-backend] [  restartedMain] r$InitializeUserDetailsManagerConfigurer : Global AuthenticationManager configured with UserDetailsService bean with name inMemoryUserDetailsManager
2026-03-13T12:18:23.173+05:30  WARN 21689 --- [kindle-studio-backend] [  restartedMain] o.s.b.d.a.OptionalLiveReloadServer       : Unable to start LiveReload server
2026-03-13T12:18:23.185+05:30  WARN 21689 --- [kindle-studio-backend] [  restartedMain] ConfigServletWebServerApplicationContext : Exception encountered during context initialization - cancelling refresh attempt: org.springframework.context.ApplicationContextException: Failed to start bean 'webServerStartStop'
2026-03-13T12:18:23.186+05:30  INFO 21689 --- [kindle-studio-backend] [  restartedMain] j.LocalContainerEntityManagerFactoryBean : Closing JPA EntityManagerFactory for persistence unit 'default'
2026-03-13T12:18:23.188+05:30  INFO 21689 --- [kindle-studio-backend] [  restartedMain] com.zaxxer.hikari.HikariDataSource       : HikariPool-1 - Shutdown initiated...
2026-03-13T12:18:23.189+05:30  INFO 21689 --- [kindle-studio-backend] [  restartedMain] com.zaxxer.hikari.HikariDataSource       : HikariPool-1 - Shutdown completed.
2026-03-13T12:18:23.196+05:30  INFO 21689 --- [kindle-studio-backend] [  restartedMain] .s.b.a.l.ConditionEvaluationReportLogger : 

Error starting ApplicationContext. To display the condition evaluation report re-run your application with 'debug' enabled.
2026-03-13T12:18:23.204+05:30 ERROR 21689 --- [kindle-studio-backend] [  restartedMain] o.s.b.d.LoggingFailureAnalysisReporter   : 

***************************
APPLICATION FAILED TO START
***************************

Description:

Web server failed to start. Port 8080 was already in use.

Action:

Identify and stop the process that's listening on port 8080 or configure this application to listen on another port.

[INFO] ------------------------------------------------------------------------
[INFO] BUILD SUCCESS
[INFO] ------------------------------------------------------------------------
[INFO] Total time:  4.326 s
[INFO] Finished at: 2026-03-13T12:18:23+05:30
[INFO] ------------------------------------------------------------------------
